<?xml version="1.0" encoding="UTF-8" ?>
<testsuite skipped="0" tests="2" failures="0" errors="0" name="com.javaid.bolaky.domain.userregistration.entity.UserRegistrationRepositotyIntegrationTest" time="5.31">
  <properties>
    <property value="IBM Corporation" name="java.vendor"/>
    <property value="/home/javaid/.m2/repository" name="localRepository"/>
    <property value="SUN_STANDARD" name="sun.java.launcher"/>
    <property value="Linux" name="os.name"/>
    <property value="/opt/ibm-java-i386-60/jre/lib/vm.jar:/opt/ibm-java-i386-60/jre/lib/annotation.jar:/opt/ibm-java-i386-60/jre/lib/beans.jar:/opt/ibm-java-i386-60/jre/lib/java.util.jar:/opt/ibm-java-i386-60/jre/lib/jndi.jar:/opt/ibm-java-i386-60/jre/lib/logging.jar:/opt/ibm-java-i386-60/jre/lib/security.jar:/opt/ibm-java-i386-60/jre/lib/sql.jar:/opt/ibm-java-i386-60/jre/lib/ibmorb.jar:/opt/ibm-java-i386-60/jre/lib/ibmorbapi.jar:/opt/ibm-java-i386-60/jre/lib/ibmcfw.jar:/opt/ibm-java-i386-60/jre/lib/rt.jar:/opt/ibm-java-i386-60/jre/lib/charsets.jar:/opt/ibm-java-i386-60/jre/lib/resources.jar:/opt/ibm-java-i386-60/jre/lib/ibmpkcs.jar:/opt/ibm-java-i386-60/jre/lib/ibmcertpathfw.jar:/opt/ibm-java-i386-60/jre/lib/ibmjgssfw.jar:/opt/ibm-java-i386-60/jre/lib/ibmjssefw.jar:/opt/ibm-java-i386-60/jre/lib/ibmsaslfw.jar:/opt/ibm-java-i386-60/jre/lib/ibmjcefw.jar:/opt/ibm-java-i386-60/jre/lib/ibmjgssprovider.jar:/opt/ibm-java-i386-60/jre/lib/ibmjsseprovider2.jar:/opt/ibm-java-i386-60/jre/lib/ibmcertpathprovider.jar:/opt/ibm-java-i386-60/jre/lib/ibmxmlcrypto.jar:/opt/ibm-java-i386-60/jre/lib/management-agent.jar:/opt/ibm-java-i386-60/jre/lib/xml.jar:/opt/ibm-java-i386-60/jre/lib/jlm.jar:/opt/ibm-java-i386-60/jre/lib/javascript.jar" name="sun.boot.class.path"/>
    <property value="gnome" name="sun.desktop"/>
    <property value="" name="sun.java2d.fontpath"/>
    <property value="Sun Microsystems Inc." name="java.vm.specification.vendor"/>
    <property value="pxi3260sr8fp1-20100624_01 (SR8 FP1)" name="java.runtime.version"/>
    <property value="javaid" name="user.name"/>
    <property value="j9jit24" name="java.compiler"/>
    <property value="" name="com.ibm.util.extralibs.properties"/>
    <property value="" name="com.ibm.jcl.checkClassPath"/>
    <property value="en" name="user.language"/>
    <property value="/opt/ibm-java-i386-60/jre/lib/i386" name="com.ibm.oti.vm.bootstrap.library.path"/>
    <property value="/opt/ibm-java-i386-60/jre/lib/i386" name="sun.boot.library.path"/>
    <property value="1.6.0" name="java.version"/>
    <property value="Indian/Mauritius" name="user.timezone"/>
    <property value="32" name="sun.arch.data.model"/>
    <property value="1" name="com.ibm.zero.version"/>
    <property value="/opt/ibm-java-i386-60/jre/lib/endorsed" name="java.endorsed.dirs"/>
    <property value="24" name="com.ibm.oti.vm.library.version"/>
    <property value="UTF-8" name="sun.jnu.encoding"/>
    <property value="15" name="jxe.current.romimage.version"/>
    <property value="/" name="file.separator"/>
    <property value="Java Platform API Specification" name="java.specification.name"/>
    <property value="50.0" name="java.class.version"/>
    <property value="US" name="user.country"/>
    <property value="/opt/ibm-java-i386-60/jre" name="java.home"/>
    <property value="JRE 1.6.0 IBM J9 2.4 Linux x86-32 jvmxi3260sr8ifx-20100609_59383 (JIT enabled, AOT enabled)
J9VM - 20100609_059383
JIT  - r9_20100401_15339ifx2
GC   - 20100308_AA" name="java.vm.info"/>
    <property value="2.6.35-22-generic" name="os.version"/>
    <property value="/home/javaid/Documents/workspace-sts-2.5.2.RELEASE/domains/user-registration/user-registration.entity/target/surefire/surefirebooter3604280368490676409.jar" name="surefire.real.class.path"/>
    <property value="" name="java.awt.fonts"/>
    <property value=":" name="path.separator"/>
    <property value="2.4" name="java.vm.version"/>
    <property value="java.util.prefs.FileSystemPreferencesFactory" name="java.util.prefs.PreferencesFactory"/>
    <property value="" name="user.variant"/>
    <property value="sun.print.PSPrinterJob" name="java.awt.printerjob"/>
    <property value="UnicodeLittle" name="sun.io.unicode.encoding"/>
    <property value="true" name="ibm.signalhandling.sigint"/>
    <property value="ON" name="java.assistive"/>
    <property value="/home/javaid" name="user.home"/>
    <property value="little" name="com.ibm.cpu.endian"/>
    <property value="Sun Microsystems Inc." name="java.specification.vendor"/>
    <property value="true" name="ibm.signalhandling.sigchain"/>
    <property value="/opt/ibm-java-i386-60/jre/lib/i386:/usr/lib" name="java.library.path"/>
    <property value="http://www.ibm.com/" name="java.vendor.url"/>
    <property value="IBM Corporation" name="java.vm.vendor"/>
    <property value="JRE 1.6.0 IBM J9 2.4 Linux x86-32 jvmxi3260sr8ifx-20100609_59383 (JIT enabled, AOT enabled)
J9VM - 20100609_059383
JIT  - r9_20100401_15339ifx2
GC   - 20100308_AA" name="java.fullversion"/>
    <property value="Java(TM) SE Runtime Environment" name="java.runtime.name"/>
    <property value="/home/javaid/Documents/workspace-sts-2.5.2.RELEASE/domains/user-registration/user-registration.entity/target/surefire/surefirebooter3604280368490676409.jar /home/javaid/Documents/workspace-sts-2.5.2.RELEASE/domains/user-registration/user-registration.entity/target/surefire/surefire3563990910513711259tmp /home/javaid/Documents/workspace-sts-2.5.2.RELEASE/domains/user-registration/user-registration.entity/target/surefire/surefire8883057117491806682tmp" name="sun.java.command"/>
    <property value="/home/javaid/Documents/workspace-sts-2.5.2.RELEASE/domains/user-registration/user-registration.entity/target/test-classes:/home/javaid/Documents/workspace-sts-2.5.2.RELEASE/domains/user-registration/user-registration.entity/target/classes:/home/javaid/Documents/workspace-sts-2.5.2.RELEASE/domains/domain-commons/target/domain.commons-1.0-SNAPSHOT.jar:/home/javaid/.m2/repository/org/hibernate/hibernate-core/3.5.6-Final/hibernate-core-3.5.6-Final.jar:/home/javaid/.m2/repository/antlr/antlr/2.7.6/antlr-2.7.6.jar:/home/javaid/.m2/repository/dom4j/dom4j/1.6.1/dom4j-1.6.1.jar:/home/javaid/.m2/repository/javax/transaction/jta/1.1/jta-1.1.jar:/home/javaid/.m2/repository/org/springframework/spring-orm/3.0.5.RELEASE/spring-orm-3.0.5.RELEASE.jar:/home/javaid/.m2/repository/org/springframework/spring-beans/3.0.5.RELEASE/spring-beans-3.0.5.RELEASE.jar:/home/javaid/.m2/repository/org/springframework/spring-jdbc/3.0.5.RELEASE/spring-jdbc-3.0.5.RELEASE.jar:/home/javaid/.m2/repository/org/springframework/spring-aspects/3.0.5.RELEASE/spring-aspects-3.0.5.RELEASE.jar:/home/javaid/.m2/repository/org/springframework/spring-context-support/3.0.5.RELEASE/spring-context-support-3.0.5.RELEASE.jar:/home/javaid/.m2/repository/hsqldb/hsqldb/1.8.0.7/hsqldb-1.8.0.7.jar:/home/javaid/.m2/repository/commons-collections/commons-collections/3.2.1/commons-collections-3.2.1.jar:/home/javaid/.m2/repository/commons-dbcp/commons-dbcp/1.2/commons-dbcp-1.2.jar:/home/javaid/.m2/repository/commons-pool/commons-pool/1.2/commons-pool-1.2.jar:/home/javaid/.m2/repository/xml-apis/xml-apis/1.0.b2/xml-apis-1.0.b2.jar:/home/javaid/.m2/repository/xerces/xercesImpl/2.0.2/xercesImpl-2.0.2.jar:/home/javaid/.m2/repository/joda-time/joda-time/1.6/joda-time-1.6.jar:/home/javaid/.m2/repository/joda-time/joda-time-hibernate/1.2/joda-time-hibernate-1.2.jar:/home/javaid/.m2/repository/org/hibernate/hibernate-entitymanager/3.5.6-Final/hibernate-entitymanager-3.5.6-Final.jar:/home/javaid/.m2/repository/org/hibernate/hibernate-annotations/3.5.6-Final/hibernate-annotations-3.5.6-Final.jar:/home/javaid/.m2/repository/org/hibernate/hibernate-commons-annotations/3.2.0.Final/hibernate-commons-annotations-3.2.0.Final.jar:/home/javaid/.m2/repository/cglib/cglib/2.2/cglib-2.2.jar:/home/javaid/.m2/repository/asm/asm/3.1/asm-3.1.jar:/home/javaid/.m2/repository/javassist/javassist/3.9.0.GA/javassist-3.9.0.GA.jar:/home/javaid/.m2/repository/org/hibernate/javax/persistence/hibernate-jpa-2.0-api/1.0.0.Final/hibernate-jpa-2.0-api-1.0.0.Final.jar:/home/javaid/.m2/repository/org/hibernate/hibernate-validator/4.2.0.CR1/hibernate-validator-4.2.0.CR1.jar:/home/javaid/.m2/repository/javax/validation/validation-api/1.0.0.GA/validation-api-1.0.0.GA.jar:/home/javaid/.m2/repository/org/aspectj/aspectjrt/1.6.9/aspectjrt-1.6.9.jar:/home/javaid/.m2/repository/org/aspectj/aspectjweaver/1.6.9/aspectjweaver-1.6.9.jar:/home/javaid/.m2/repository/org/aspectj/aspectjtools/1.6.9/aspectjtools-1.6.9.jar:/home/javaid/.m2/repository/org/springframework/data/spring-data-jpa/1.0.0.M2/spring-data-jpa-1.0.0.M2.jar:/home/javaid/.m2/repository/org/springframework/data/spring-data-commons-core/1.0.0.M5/spring-data-commons-core-1.0.0.M5.jar:/home/javaid/.m2/repository/org/springframework/spring-core/3.0.5.RELEASE/spring-core-3.0.5.RELEASE.jar:/home/javaid/.m2/repository/org/springframework/spring-asm/3.0.5.RELEASE/spring-asm-3.0.5.RELEASE.jar:/home/javaid/.m2/repository/com/mysema/querydsl/querydsl-jpa/2.1.1/querydsl-jpa-2.1.1.jar:/home/javaid/.m2/repository/com/mysema/querydsl/querydsl-core/2.1.1/querydsl-core-2.1.1.jar:/home/javaid/.m2/repository/net/sourceforge/collections/collections-generic/4.01/collections-generic-4.01.jar:/home/javaid/.m2/repository/commons-lang/commons-lang/2.5/commons-lang-2.5.jar:/home/javaid/.m2/repository/com/mysema/commons/mysema-commons-lang/0.2.1/mysema-commons-lang-0.2.1.jar:/home/javaid/.m2/repository/com/mysema/codegen/codegen/0.3.1/codegen-0.3.1.jar:/home/javaid/.m2/repository/net/sourceforge/findbugs/jsr305/1.3.2/jsr305-1.3.2.jar:/home/javaid/.m2/repository/net/sourceforge/findbugs/annotations/1.3.2/annotations-1.3.2.jar:/home/javaid/.m2/repository/org/springframework/spring-expression/3.0.5.RELEASE/spring-expression-3.0.5.RELEASE.jar:/home/javaid/.m2/repository/org/springframework/security/spring-security-core/3.0.5.RELEASE/spring-security-core-3.0.5.RELEASE.jar:/home/javaid/.m2/repository/org/springframework/spring-context/3.0.5.RELEASE/spring-context-3.0.5.RELEASE.jar:/home/javaid/.m2/repository/org/springframework/spring-tx/3.0.5.RELEASE/spring-tx-3.0.5.RELEASE.jar:/home/javaid/.m2/repository/aopalliance/aopalliance/1.0/aopalliance-1.0.jar:/home/javaid/.m2/repository/org/springframework/spring-aop/3.0.5.RELEASE/spring-aop-3.0.5.RELEASE.jar:/home/javaid/.m2/repository/org/springframework/security/spring-security-config/3.0.5.RELEASE/spring-security-config-3.0.5.RELEASE.jar:/home/javaid/.m2/repository/javax/persistence/com.springsource.javax.persistence/2.0.0/com.springsource.javax.persistence-2.0.0.jar:/home/javaid/.m2/repository/org/springframework/spring-test/3.0.5.RELEASE/spring-test-3.0.5.RELEASE.jar:/home/javaid/.m2/repository/mysql/mysql-connector-java/5.1.9/mysql-connector-java-5.1.9.jar:/home/javaid/.m2/repository/org/slf4j/slf4j-api/1.5.10/slf4j-api-1.5.10.jar:/home/javaid/.m2/repository/org/slf4j/jcl-over-slf4j/1.5.10/jcl-over-slf4j-1.5.10.jar:/home/javaid/.m2/repository/org/slf4j/slf4j-log4j12/1.5.10/slf4j-log4j12-1.5.10.jar:/home/javaid/.m2/repository/log4j/log4j/1.2.14/log4j-1.2.14.jar:/home/javaid/.m2/repository/junit/junit/4.7/junit-4.7.jar:/home/javaid/.m2/repository/org/hamcrest/hamcrest-all/1.1/hamcrest-all-1.1.jar:" name="java.class.path"/>
    <property value="Java Virtual Machine Specification" name="java.vm.specification.name"/>
    <property value="5126" name="sun.java.launcher.pid"/>
    <property value="1.0" name="java.vm.specification.version"/>
    <property value="/home/javaid/Documents/workspace-sts-2.5.2.RELEASE/domains/user-registration/user-registration.entity/target/test-classes:/home/javaid/Documents/workspace-sts-2.5.2.RELEASE/domains/user-registration/user-registration.entity/target/classes:/home/javaid/Documents/workspace-sts-2.5.2.RELEASE/domains/domain-commons/target/domain.commons-1.0-SNAPSHOT.jar:/home/javaid/.m2/repository/org/hibernate/hibernate-core/3.5.6-Final/hibernate-core-3.5.6-Final.jar:/home/javaid/.m2/repository/antlr/antlr/2.7.6/antlr-2.7.6.jar:/home/javaid/.m2/repository/dom4j/dom4j/1.6.1/dom4j-1.6.1.jar:/home/javaid/.m2/repository/javax/transaction/jta/1.1/jta-1.1.jar:/home/javaid/.m2/repository/org/springframework/spring-orm/3.0.5.RELEASE/spring-orm-3.0.5.RELEASE.jar:/home/javaid/.m2/repository/org/springframework/spring-beans/3.0.5.RELEASE/spring-beans-3.0.5.RELEASE.jar:/home/javaid/.m2/repository/org/springframework/spring-jdbc/3.0.5.RELEASE/spring-jdbc-3.0.5.RELEASE.jar:/home/javaid/.m2/repository/org/springframework/spring-aspects/3.0.5.RELEASE/spring-aspects-3.0.5.RELEASE.jar:/home/javaid/.m2/repository/org/springframework/spring-context-support/3.0.5.RELEASE/spring-context-support-3.0.5.RELEASE.jar:/home/javaid/.m2/repository/hsqldb/hsqldb/1.8.0.7/hsqldb-1.8.0.7.jar:/home/javaid/.m2/repository/commons-collections/commons-collections/3.2.1/commons-collections-3.2.1.jar:/home/javaid/.m2/repository/commons-dbcp/commons-dbcp/1.2/commons-dbcp-1.2.jar:/home/javaid/.m2/repository/commons-pool/commons-pool/1.2/commons-pool-1.2.jar:/home/javaid/.m2/repository/xml-apis/xml-apis/1.0.b2/xml-apis-1.0.b2.jar:/home/javaid/.m2/repository/xerces/xercesImpl/2.0.2/xercesImpl-2.0.2.jar:/home/javaid/.m2/repository/joda-time/joda-time/1.6/joda-time-1.6.jar:/home/javaid/.m2/repository/joda-time/joda-time-hibernate/1.2/joda-time-hibernate-1.2.jar:/home/javaid/.m2/repository/org/hibernate/hibernate-entitymanager/3.5.6-Final/hibernate-entitymanager-3.5.6-Final.jar:/home/javaid/.m2/repository/org/hibernate/hibernate-annotations/3.5.6-Final/hibernate-annotations-3.5.6-Final.jar:/home/javaid/.m2/repository/org/hibernate/hibernate-commons-annotations/3.2.0.Final/hibernate-commons-annotations-3.2.0.Final.jar:/home/javaid/.m2/repository/cglib/cglib/2.2/cglib-2.2.jar:/home/javaid/.m2/repository/asm/asm/3.1/asm-3.1.jar:/home/javaid/.m2/repository/javassist/javassist/3.9.0.GA/javassist-3.9.0.GA.jar:/home/javaid/.m2/repository/org/hibernate/javax/persistence/hibernate-jpa-2.0-api/1.0.0.Final/hibernate-jpa-2.0-api-1.0.0.Final.jar:/home/javaid/.m2/repository/org/hibernate/hibernate-validator/4.2.0.CR1/hibernate-validator-4.2.0.CR1.jar:/home/javaid/.m2/repository/javax/validation/validation-api/1.0.0.GA/validation-api-1.0.0.GA.jar:/home/javaid/.m2/repository/org/aspectj/aspectjrt/1.6.9/aspectjrt-1.6.9.jar:/home/javaid/.m2/repository/org/aspectj/aspectjweaver/1.6.9/aspectjweaver-1.6.9.jar:/home/javaid/.m2/repository/org/aspectj/aspectjtools/1.6.9/aspectjtools-1.6.9.jar:/home/javaid/.m2/repository/org/springframework/data/spring-data-jpa/1.0.0.M2/spring-data-jpa-1.0.0.M2.jar:/home/javaid/.m2/repository/org/springframework/data/spring-data-commons-core/1.0.0.M5/spring-data-commons-core-1.0.0.M5.jar:/home/javaid/.m2/repository/org/springframework/spring-core/3.0.5.RELEASE/spring-core-3.0.5.RELEASE.jar:/home/javaid/.m2/repository/org/springframework/spring-asm/3.0.5.RELEASE/spring-asm-3.0.5.RELEASE.jar:/home/javaid/.m2/repository/com/mysema/querydsl/querydsl-jpa/2.1.1/querydsl-jpa-2.1.1.jar:/home/javaid/.m2/repository/com/mysema/querydsl/querydsl-core/2.1.1/querydsl-core-2.1.1.jar:/home/javaid/.m2/repository/net/sourceforge/collections/collections-generic/4.01/collections-generic-4.01.jar:/home/javaid/.m2/repository/commons-lang/commons-lang/2.5/commons-lang-2.5.jar:/home/javaid/.m2/repository/com/mysema/commons/mysema-commons-lang/0.2.1/mysema-commons-lang-0.2.1.jar:/home/javaid/.m2/repository/com/mysema/codegen/codegen/0.3.1/codegen-0.3.1.jar:/home/javaid/.m2/repository/net/sourceforge/findbugs/jsr305/1.3.2/jsr305-1.3.2.jar:/home/javaid/.m2/repository/net/sourceforge/findbugs/annotations/1.3.2/annotations-1.3.2.jar:/home/javaid/.m2/repository/org/springframework/spring-expression/3.0.5.RELEASE/spring-expression-3.0.5.RELEASE.jar:/home/javaid/.m2/repository/org/springframework/security/spring-security-core/3.0.5.RELEASE/spring-security-core-3.0.5.RELEASE.jar:/home/javaid/.m2/repository/org/springframework/spring-context/3.0.5.RELEASE/spring-context-3.0.5.RELEASE.jar:/home/javaid/.m2/repository/org/springframework/spring-tx/3.0.5.RELEASE/spring-tx-3.0.5.RELEASE.jar:/home/javaid/.m2/repository/aopalliance/aopalliance/1.0/aopalliance-1.0.jar:/home/javaid/.m2/repository/org/springframework/spring-aop/3.0.5.RELEASE/spring-aop-3.0.5.RELEASE.jar:/home/javaid/.m2/repository/org/springframework/security/spring-security-config/3.0.5.RELEASE/spring-security-config-3.0.5.RELEASE.jar:/home/javaid/.m2/repository/javax/persistence/com.springsource.javax.persistence/2.0.0/com.springsource.javax.persistence-2.0.0.jar:/home/javaid/.m2/repository/org/springframework/spring-test/3.0.5.RELEASE/spring-test-3.0.5.RELEASE.jar:/home/javaid/.m2/repository/mysql/mysql-connector-java/5.1.9/mysql-connector-java-5.1.9.jar:/home/javaid/.m2/repository/org/slf4j/slf4j-api/1.5.10/slf4j-api-1.5.10.jar:/home/javaid/.m2/repository/org/slf4j/jcl-over-slf4j/1.5.10/jcl-over-slf4j-1.5.10.jar:/home/javaid/.m2/repository/org/slf4j/slf4j-log4j12/1.5.10/slf4j-log4j12-1.5.10.jar:/home/javaid/.m2/repository/log4j/log4j/1.2.14/log4j-1.2.14.jar:/home/javaid/.m2/repository/junit/junit/4.7/junit-4.7.jar:/home/javaid/.m2/repository/org/hamcrest/hamcrest-all/1.1/hamcrest-all-1.1.jar:" name="surefire.test.class.path"/>
    <property value="/tmp" name="java.io.tmpdir"/>
    <property value="20100624_01" name="java.jcl.version"/>
    <property value="UTF-8" name="ibm.system.encoding"/>
    <property value="x86" name="os.arch"/>
    <property value="sun.awt.X11GraphicsEnvironment" name="java.awt.graphicsenv"/>
    <property value="false" name="ibm.signalhandling.rs"/>
    <property value="/opt/ibm-java-i386-60/jre/lib/ext" name="java.ext.dirs"/>
    <property value="/home/javaid/Documents/workspace-sts-2.5.2.RELEASE/domains/user-registration/user-registration.entity" name="user.dir"/>
    <property value="
" name="line.separator"/>
    <property value="IBM J9 VM" name="java.vm.name"/>
    <property value="false" name="com.ibm.oti.shared.enabled"/>
    <property value="32" name="com.ibm.vm.bitmode"/>
    <property value="/home/javaid/Documents/workspace-sts-2.5.2.RELEASE/domains/user-registration/user-registration.entity" name="basedir"/>
    <property value="15" name="jxe.lowest.romimage.version"/>
    <property value="UTF-8" name="file.encoding"/>
    <property value="scar" name="com.ibm.oti.configuration"/>
    <property value="1.6" name="java.specification.version"/>
    <property value="20100608_1724" name="com.ibm.oti.jcl.build"/>
  </properties>
  <testcase classname="com.javaid.bolaky.domain.userregistration.entity.UserRegistrationRepositotyIntegrationTest" name="testIfAuthenticationCredentialsNotFoundExceptionIsThrownWhenUsernameNotProvided" time="4.724"/>
  <testcase classname="com.javaid.bolaky.domain.userregistration.entity.UserRegistrationRepositotyIntegrationTest" name="testSave" time="0.194"/>
</testsuite>